12721-INFO-iteration: 1, average: 511.2333
12721-INFO-[44, 48, 51, 61, 82, 106, 114, 136, 161, 178, 192, 221, 266, 282, 287, 297, 311, 330, 338, 344, 368, 383, 395, 399, 439, 453, 454, 471, 482, 488, 501, 534, 574, 589, 597, 599, 610, 618, 620, 623, 626, 678, 710, 742, 745, 764, 783, 806, 818, 851, 851, 864, 865, 904, 912, 919, 926, 940, 945, 979]
12721-INFO-best_squad:
12721-INFO-[61]
12721-INFO-iteration: 2, average: 61.0101
12721-INFO-[60.7202, 60.7387, 60.7594, 60.8129, 60.8149, 60.8455, 60.8625, 60.8758, 60.897, 60.9032, 60.9107, 60.9285, 60.9586, 60.9672, 60.9778, 60.9793, 60.9956, 61, 61, 61, 61, 61, 61, 61, 61, 61, 61, 61, 61, 61, 61, 61, 61, 61, 61, 61, 61, 61, 61, 61, 61.0273, 61.0288, 61.0314, 61.0371, 61.0526, 61.0641, 61.0656, 61.0664, 61.0677, 61.0818, 61.1096, 61.1493, 61.1579, 61.1648, 61.2464, 61.2468, 61.2513, 61.2569, 61.2605, 61.2911]
12721-INFO-best_squad:
12721-INFO-[61.2911]
12721-INFO-iteration: 3, average: 61.2962
12721-INFO-[61.0105, 61.0207, 61.0478, 61.0717, 61.1031, 61.1217, 61.1276, 61.1462, 61.1832, 61.1989, 61.2249, 61.2366, 61.2511, 61.2841, 61.2871, 61.2911, 61.2911, 61.2911, 61.2911, 61.2911, 61.2911, 61.2911, 61.2911, 61.2911, 61.2911, 61.2911, 61.2911, 61.2911, 61.2911, 61.2911, 61.2911, 61.2911, 61.2911, 61.2911, 61.2911, 61.2911, 61.2911, 61.2911, 61.2911, 61.2911, 61.2911, 61.2911, 61.2911, 61.2911, 61.2911, 61.2911, 61.3035, 61.3143, 61.3274, 61.3549, 61.3815, 61.4106, 61.5121, 61.5238, 61.5238, 61.5274, 61.5401, 61.5479, 61.5735, 61.5892]
12721-INFO-best_squad:
12721-INFO-[61.5892]
12721-INFO-iteration: 4, average: 61.5958
12721-INFO-[61.2896, 61.3009, 61.3247, 61.3339, 61.3453, 61.3659, 61.4252, 61.5416, 61.5419, 61.5892, 61.5892, 61.5892, 61.5892, 61.5892, 61.5892, 61.5892, 61.5892, 61.5892, 61.5892, 61.5892, 61.5892, 61.5892, 61.5892, 61.5892, 61.5892, 61.5892, 61.5892, 61.5892, 61.5892, 61.5892, 61.5892, 61.5892, 61.5892, 61.5892, 61.5892, 61.5892, 61.5892, 61.5892, 61.5892, 61.5892, 61.5892, 61.5892, 61.5892, 61.5892, 61.5892, 61.5971, 61.6071, 61.6353, 61.6757, 61.6879, 61.6999, 61.7084, 61.7146, 61.7706, 61.7813, 61.8096, 61.8137, 61.82, 61.8653, 61.883]
12721-INFO-best_squad:
12721-INFO-[61.883]
12721-INFO-iteration: 5, average: 61.8841
12721-INFO-[61.5857, 61.6027, 61.6233, 61.6496, 61.6536, 61.6795, 61.6934, 61.7034, 61.7077, 61.7459, 61.7469, 61.754, 61.761, 61.7907, 61.8085, 61.8471, 61.8809, 61.883, 61.883, 61.883, 61.883, 61.883, 61.883, 61.883, 61.883, 61.883, 61.883, 61.883, 61.883, 61.883, 61.883, 61.883, 61.883, 61.883, 61.883, 61.883, 61.883, 61.883, 61.883, 61.883, 61.883, 61.883, 61.883, 61.9064, 61.9265, 61.9446, 61.9743, 62.0119, 62.0224, 62.0241, 62.0284, 62.0465, 62.0562, 62.0665, 62.0839, 62.1116, 62.1469, 62.1499, 62.1741, 62.1824]
12721-INFO-best_squad:
12721-INFO-[62.1824]
12721-INFO-iteration: 6, average: 62.1568
12721-INFO-[61.9014, 61.9058, 61.9117, 61.9128, 61.9556, 61.9835, 61.9841, 61.9871, 62.0053, 62.0343, 62.0642, 62.1029, 62.1155, 62.1163, 62.1258, 62.1413, 62.1519, 62.1824, 62.1824, 62.1824, 62.1824, 62.1824, 62.1824, 62.1824, 62.1824, 62.1824, 62.1824, 62.1824, 62.1824, 62.1824, 62.1824, 62.1824, 62.1824, 62.1824, 62.1824, 62.1824, 62.1824, 62.1824, 62.1824, 62.1824, 62.1824, 62.1824, 62.1824, 62.1824, 62.1824, 62.1824, 62.1824, 62.1824, 62.1824, 62.1824, 62.1936, 62.2123, 62.2126, 62.23, 62.2338, 62.3562, 62.376, 62.3781, 62.3903, 62.4063]
12721-INFO-best_squad:
12721-INFO-[62.4063]
12721-INFO-iteration: 7, average: 62.3892
12721-INFO-[62.1072, 62.1182, 62.1436, 62.1526, 62.1588, 62.1866, 62.1998, 62.2026, 62.2186, 62.2224, 62.2292, 62.2718, 62.2746, 62.2902, 62.3059, 62.321, 62.3319, 62.3574, 62.4063, 62.4063, 62.4063, 62.4063, 62.4063, 62.4063, 62.4063, 62.4063, 62.4063, 62.4063, 62.4063, 62.4063, 62.4063, 62.4063, 62.4063, 62.4063, 62.4063, 62.4063, 62.4063, 62.4063, 62.4063, 62.4063, 62.4063, 62.4063, 62.4063, 62.4063, 62.4063, 62.4138, 62.4332, 62.4686, 62.4951, 62.4975, 62.5013, 62.5289, 62.5766, 62.592, 62.5926, 62.594, 62.6308, 62.6466, 62.656, 62.664]
12721-INFO-best_squad:
12721-INFO-[62.664]
12721-INFO-iteration: 8, average: 62.6731
12721-INFO-[62.367, 62.4263, 62.45, 62.4575, 62.4939, 62.5402, 62.5516, 62.5604, 62.6036, 62.607, 62.6219, 62.6402, 62.6469, 62.664, 62.664, 62.664, 62.664, 62.664, 62.664, 62.664, 62.664, 62.664, 62.664, 62.664, 62.664, 62.664, 62.664, 62.664, 62.664, 62.664, 62.664, 62.664, 62.664, 62.664, 62.664, 62.664, 62.664, 62.664, 62.664, 62.664, 62.664, 62.664, 62.664, 62.664, 62.664, 62.664, 62.6767, 62.698, 62.7475, 62.7498, 62.7604, 62.7945, 62.8006, 62.8167, 62.8297, 62.8715, 62.9263, 62.9349, 62.9407, 62.9619]
12721-INFO-best_squad:
12721-INFO-[62.9619]
12721-INFO-iteration: 9, average: 62.9645
12721-INFO-[62.697, 62.7287, 62.7396, 62.7469, 62.7529, 62.7537, 62.7538, 62.779, 62.7921, 62.8038, 62.8297, 62.8365, 62.8629, 62.8866, 62.9049, 62.9405, 62.945, 62.9456, 62.9619, 62.9619, 62.9619, 62.9619, 62.9619, 62.9619, 62.9619, 62.9619, 62.9619, 62.9619, 62.9619, 62.9619, 62.9619, 62.9619, 62.9619, 62.9619, 62.9619, 62.9619, 62.9619, 62.9619, 62.9619, 62.9619, 62.9619, 62.9619, 62.9619, 62.9619, 62.9619, 62.9802, 63.0026, 63.0375, 63.0572, 63.1209, 63.1274, 63.1384, 63.1592, 63.166, 63.2184, 63.2185, 63.2286, 63.2358, 63.2521, 63.2583]
12721-INFO-best_squad:
12721-INFO-[63.2583]
12721-INFO-iteration: 10, average: 63.2603
12721-INFO-[62.9595, 63.003, 63.034, 63.0636, 63.0727, 63.0776, 63.0911, 63.1126, 63.1317, 63.1425, 63.1526, 63.1616, 63.1681, 63.2167, 63.2174, 63.2456, 63.2583, 63.2583, 63.2583, 63.2583, 63.2583, 63.2583, 63.2583, 63.2583, 63.2583, 63.2583, 63.2583, 63.2583, 63.2583, 63.2583, 63.2583, 63.2583, 63.2583, 63.2583, 63.2583, 63.2583, 63.2583, 63.2583, 63.2583, 63.2583, 63.2583, 63.2583, 63.2694, 63.2741, 63.2855, 63.3013, 63.3073, 63.3233, 63.3482, 63.3597, 63.3826, 63.3991, 63.4056, 63.4153, 63.4468, 63.4588, 63.4736, 63.5025, 63.5431, 63.5536]
12721-INFO-best_squad:
12721-INFO-[63.5536]
12721-INFO-iteration: 11, average: 63.5392
12721-INFO-[63.2659, 63.2803, 63.2892, 63.2935, 63.2997, 63.3144, 63.318, 63.3187, 63.377, 63.4653, 63.4677, 63.4877, 63.5142, 63.5267, 63.5304, 63.5389, 63.5467, 63.5536, 63.5536, 63.5536, 63.5536, 63.5536, 63.5536, 63.5536, 63.5536, 63.5536, 63.5536, 63.5536, 63.5536, 63.5536, 63.5536, 63.5536, 63.5536, 63.5536, 63.5536, 63.5536, 63.5536, 63.5536, 63.5536, 63.5536, 63.5536, 63.5536, 63.5536, 63.5536, 63.5536, 63.5536, 63.5536, 63.5549, 63.5687, 63.5903, 63.6188, 63.6191, 63.6373, 63.6775, 63.7029, 63.7329, 63.7638, 63.7851, 63.8258, 63.835]
12721-INFO-best_squad:
12721-INFO-[63.835]
12721-INFO-iteration: 12, average: 63.8483
12721-INFO-[63.5529, 63.5773, 63.5979, 63.6119, 63.6833, 63.7431, 63.7666, 63.7733, 63.7835, 63.823, 63.8255, 63.835, 63.835, 63.835, 63.835, 63.835, 63.835, 63.835, 63.835, 63.835, 63.835, 63.835, 63.835, 63.835, 63.835, 63.835, 63.835, 63.835, 63.835, 63.835, 63.835, 63.835, 63.835, 63.835, 63.835, 63.835, 63.835, 63.835, 63.835, 63.835, 63.835, 63.835, 63.835, 63.835, 63.835, 63.8837, 63.8918, 63.925, 63.9318, 63.9443, 63.9602, 63.9803, 63.9809, 63.9979, 64.0118, 64.0139, 64.019, 64.0327, 64.0796, 64.1196]
12721-INFO-best_squad:
12721-INFO-[64.1196]
12721-INFO-iteration: 13, average: 64.1178
12721-INFO-[63.8255, 63.8837, 63.9048, 63.9346, 63.9567, 64.0149, 64.0212, 64.0232, 64.0477, 64.0648, 64.0751, 64.0923, 64.0993, 64.1196, 64.1196, 64.1196, 64.1196, 64.1196, 64.1196, 64.1196, 64.1196, 64.1196, 64.1196, 64.1196, 64.1196, 64.1196, 64.1196, 64.1196, 64.1196, 64.1196, 64.1196, 64.1196, 64.1196, 64.1196, 64.1196, 64.1196, 64.1196, 64.1196, 64.1196, 64.1196, 64.1196, 64.1196, 64.1196, 64.1196, 64.1196, 64.1196, 64.1196, 64.1196, 64.1413, 64.1839, 64.1897, 64.2117, 64.2306, 64.2333, 64.2529, 64.2671, 64.2763, 64.2804, 64.3136, 64.355]
12721-INFO-best_squad:
12721-INFO-[64.355]
12721-INFO-iteration: 14, average: 64.3728
12721-INFO-[64.067, 64.187, 64.1903, 64.1912, 64.2355, 64.2372, 64.2738, 64.2819, 64.283, 64.2964, 64.3156, 64.318, 64.355, 64.355, 64.355, 64.355, 64.355, 64.355, 64.355, 64.355, 64.355, 64.355, 64.355, 64.355, 64.355, 64.355, 64.355, 64.355, 64.355, 64.355, 64.355, 64.355, 64.355, 64.355, 64.355, 64.355, 64.355, 64.355, 64.355, 64.355, 64.355, 64.355, 64.355, 64.355, 64.3615, 64.3734, 64.3777, 64.3813, 64.4348, 64.4522, 64.5065, 64.5191, 64.5489, 64.5524, 64.577, 64.5774, 64.5969, 64.6146, 64.6259, 64.6344]
12721-INFO-best_squad:
12721-INFO-[64.6344]
12721-INFO-iteration: 15, average: 64.6284
12721-INFO-[64.3465, 64.3636, 64.3657, 64.4332, 64.4356, 64.4847, 64.4868, 64.4979, 64.4996, 64.5089, 64.5335, 64.562, 64.5788, 64.5854, 64.5856, 64.5878, 64.5966, 64.6053, 64.6306, 64.6344, 64.6344, 64.6344, 64.6344, 64.6344, 64.6344, 64.6344, 64.6344, 64.6344, 64.6344, 64.6344, 64.6344, 64.6344, 64.6344, 64.6344, 64.6344, 64.6344, 64.6344, 64.6344, 64.6344, 64.6344, 64.6344, 64.6344, 64.6344, 64.6344, 64.6344, 64.6344, 64.6344, 64.6765, 64.7121, 64.7327, 64.7552, 64.7633, 64.7737, 64.7769, 64.794, 64.8129, 64.8331, 64.836, 64.8725, 64.914]
12721-INFO-best_squad:
12721-INFO-[64.914]
12721-INFO-iteration: 16, average: 64.9198
12721-INFO-[64.6219, 64.637, 64.6523, 64.6576, 64.6676, 64.7021, 64.7297, 64.7529, 64.7734, 64.8623, 64.8832, 64.8988, 64.9077, 64.9129, 64.914, 64.914, 64.914, 64.914, 64.914, 64.914, 64.914, 64.914, 64.914, 64.914, 64.914, 64.914, 64.914, 64.914, 64.914, 64.914, 64.914, 64.914, 64.914, 64.914, 64.914, 64.914, 64.914, 64.914, 64.914, 64.914, 64.914, 64.914, 64.914, 64.914, 64.9182, 64.9348, 64.945, 64.9654, 64.9792, 64.9805, 65.04, 65.0445, 65.0901, 65.1159, 65.1274, 65.179, 65.1825, 65.1985, 65.204, 65.2056]
12721-INFO-best_squad:
12721-INFO-[65.2056]
12721-INFO-iteration: 17, average: 65.1952
12721-INFO-[64.9154, 64.9351, 64.9772, 64.9812, 64.9919, 64.9991, 65.0162, 65.0184, 65.0418, 65.0451, 65.0774, 65.0907, 65.0919, 65.1051, 65.1303, 65.1724, 65.1855, 65.1886, 65.2056, 65.2056, 65.2056, 65.2056, 65.2056, 65.2056, 65.2056, 65.2056, 65.2056, 65.2056, 65.2056, 65.2056, 65.2056, 65.2056, 65.2056, 65.2056, 65.2056, 65.2056, 65.2056, 65.2056, 65.2056, 65.2056, 65.2056, 65.2056, 65.2056, 65.2056, 65.2056, 65.2056, 65.2056, 65.2056, 65.2585, 65.299, 65.3075, 65.3147, 65.3533, 65.3632, 65.4104, 65.4129, 65.4393, 65.4665, 65.4683, 65.4898]
12721-INFO-best_squad:
12721-INFO-[65.4898]
12721-INFO-iteration: 18, average: 65.4908
12721-INFO-[65.1959, 65.1994, 65.227, 65.2278, 65.2936, 65.302, 65.3056, 65.3311, 65.3317, 65.3464, 65.3765, 65.3791, 65.4534, 65.4576, 65.4898, 65.4898, 65.4898, 65.4898, 65.4898, 65.4898, 65.4898, 65.4898, 65.4898, 65.4898, 65.4898, 65.4898, 65.4898, 65.4898, 65.4898, 65.4898, 65.4898, 65.4898, 65.4898, 65.4898, 65.4898, 65.4898, 65.4898, 65.4898, 65.4898, 65.4898, 65.4898, 65.4898, 65.4898, 65.5022, 65.5338, 65.5494, 65.5504, 65.5744, 65.5831, 65.5884, 65.6368, 65.6405, 65.6556, 65.6744, 65.6855, 65.6919, 65.6966, 65.7307, 65.7515, 65.771]
12721-INFO-best_squad:
12721-INFO-[65.771]
12721-INFO-iteration: 19, average: 65.7608
12721-INFO-[65.4735, 65.4783, 65.5076, 65.5199, 65.5202, 65.5407, 65.5493, 65.5548, 65.5582, 65.5771, 65.6032, 65.6075, 65.661, 65.6802, 65.698, 65.7091, 65.7211, 65.7549, 65.771, 65.771, 65.771, 65.771, 65.771, 65.771, 65.771, 65.771, 65.771, 65.771, 65.771, 65.771, 65.771, 65.771, 65.771, 65.771, 65.771, 65.771, 65.771, 65.771, 65.771, 65.771, 65.771, 65.771, 65.771, 65.771, 65.771, 65.771, 65.771, 65.8102, 65.829, 65.8732, 65.8938, 65.9045, 65.9435, 65.9977, 66.0374, 66.0427, 66.0428, 66.0607, 66.0677, 66.0703]
12721-INFO-best_squad:
12721-INFO-[66.0703]
12721-INFO-iteration: 20, average: 66.0627
12721-INFO-[65.8237, 65.842, 65.8497, 65.8532, 65.8676, 65.8732, 65.8805, 65.9094, 65.9162, 65.9226, 65.9369, 65.9976, 66.0078, 66.0256, 66.0268, 66.0607, 66.0614, 66.0703, 66.0703, 66.0703, 66.0703, 66.0703, 66.0703, 66.0703, 66.0703, 66.0703, 66.0703, 66.0703, 66.0703, 66.0703, 66.0703, 66.0703, 66.0703, 66.0703, 66.0703, 66.0703, 66.0703, 66.0703, 66.0703, 66.0703, 66.0703, 66.0703, 66.0703, 66.0703, 66.0703, 66.0703, 66.0703, 66.0703, 66.0703, 66.0703, 66.1063, 66.1572, 66.1661, 66.2069, 66.2502, 66.2848, 66.322, 66.3588, 66.365, 66.3679]
12721-INFO-best_squad:
12721-INFO-[66.3679]
12721-INFO-iteration: 21, average: 66.3662
12721-INFO-[66.0922, 66.0939, 66.1097, 66.1241, 66.126, 66.1326, 66.1401, 66.1698, 66.1813, 66.1985, 66.2115, 66.2337, 66.2786, 66.295, 66.3266, 66.3679, 66.3679, 66.3679, 66.3679, 66.3679, 66.3679, 66.3679, 66.3679, 66.3679, 66.3679, 66.3679, 66.3679, 66.3679, 66.3679, 66.3679, 66.3679, 66.3679, 66.3679, 66.3679, 66.3679, 66.3679, 66.3679, 66.3679, 66.3679, 66.3679, 66.3679, 66.3679, 66.3679, 66.3679, 66.3797, 66.3987, 66.4351, 66.4402, 66.4671, 66.505, 66.5146, 66.5491, 66.5701, 66.5813, 66.5822, 66.5945, 66.6339, 66.6369, 66.6389, 66.6649]
12721-INFO-best_squad:
12721-INFO-[66.6649]
12721-INFO-iteration: 22, average: 66.6647
12721-INFO-[66.3662, 66.3695, 66.4393, 66.46, 66.4759, 66.5138, 66.5187, 66.5195, 66.5448, 66.5466, 66.5569, 66.5744, 66.6268, 66.6314, 66.6367, 66.6392, 66.6406, 66.6479, 66.6649, 66.6649, 66.6649, 66.6649, 66.6649, 66.6649, 66.6649, 66.6649, 66.6649, 66.6649, 66.6649, 66.6649, 66.6649, 66.6649, 66.6649, 66.6649, 66.6649, 66.6649, 66.6649, 66.6649, 66.6649, 66.6649, 66.6649, 66.6649, 66.6649, 66.67, 66.6796, 66.6845, 66.6928, 66.7296, 66.7313, 66.7577, 66.7613, 66.7917, 66.7925, 66.832, 66.8493, 66.894, 66.8944, 66.911, 66.9237, 66.955]
12721-INFO-best_squad:
12721-INFO-[66.955]
12721-INFO-iteration: 23, average: 66.9632
12721-INFO-[66.6594, 66.7445, 66.75, 66.7538, 66.8494, 66.8514, 66.8632, 66.864, 66.8671, 66.8782, 66.8818, 66.9004, 66.955, 66.955, 66.955, 66.955, 66.955, 66.955, 66.955, 66.955, 66.955, 66.955, 66.955, 66.955, 66.955, 66.955, 66.955, 66.955, 66.955, 66.955, 66.955, 66.955, 66.955, 66.955, 66.955, 66.955, 66.955, 66.955, 66.955, 66.955, 66.955, 66.955, 66.955, 66.955, 66.955, 66.955, 66.955, 66.97, 66.9867, 66.9911, 67.0324, 67.0797, 67.1009, 67.1051, 67.1229, 67.1709, 67.2141, 67.2373, 67.2409, 67.2508]
12721-INFO-best_squad:
12721-INFO-[67.2508]
12721-INFO-iteration: 24, average: 67.24
12721-INFO-[66.9542, 66.9577, 66.9782, 66.9828, 66.9831, 66.9918, 67.0286, 67.0379, 67.0646, 67.0757, 67.094, 67.117, 67.1338, 67.2372, 67.2508, 67.2508, 67.2508, 67.2508, 67.2508, 67.2508, 67.2508, 67.2508, 67.2508, 67.2508, 67.2508, 67.2508, 67.2508, 67.2508, 67.2508, 67.2508, 67.2508, 67.2508, 67.2508, 67.2508, 67.2508, 67.2508, 67.2508, 67.2508, 67.2508, 67.2508, 67.2508, 67.2508, 67.2546, 67.2639, 67.2771, 67.2802, 67.29, 67.2936, 67.2976, 67.3414, 67.3433, 67.3779, 67.383, 67.3852, 67.4386, 67.4674, 67.4703, 67.5078, 67.5326, 67.5356]
12721-INFO-best_squad:
12721-INFO-[67.5356]
12721-INFO-iteration: 25, average: 67.5665
12721-INFO-[67.3053, 67.3443, 67.3693, 67.3827, 67.4092, 67.4302, 67.466, 67.4886, 67.5106, 67.511, 67.5135, 67.5177, 67.5356, 67.5356, 67.5356, 67.5356, 67.5356, 67.5356, 67.5356, 67.5356, 67.5356, 67.5356, 67.5356, 67.5356, 67.5356, 67.5356, 67.5356, 67.5356, 67.5356, 67.5356, 67.5356, 67.5356, 67.5356, 67.5356, 67.5356, 67.5356, 67.5356, 67.5356, 67.5356, 67.5356, 67.5356, 67.5597, 67.5694, 67.5724, 67.5871, 67.6168, 67.6258, 67.6339, 67.6403, 67.6831, 67.7248, 67.7275, 67.7316, 67.7334, 67.7477, 67.7869, 67.8065, 67.8163, 67.8206, 67.8279]
12721-INFO-best_squad:
12721-INFO-[67.8279]
12721-INFO-iteration: 26, average: 67.7934
12721-INFO-[67.5466, 67.5526, 67.5566, 67.5605, 67.5894, 67.5926, 67.5985, 67.6241, 67.6437, 67.6441, 67.649, 67.6538, 67.6863, 67.731, 67.7372, 67.7454, 67.778, 67.7833, 67.7849, 67.7904, 67.7955, 67.8126, 67.8154, 67.8279, 67.8279, 67.8279, 67.8279, 67.8279, 67.8279, 67.8279, 67.8279, 67.8279, 67.8279, 67.8279, 67.8279, 67.8279, 67.8279, 67.8279, 67.8279, 67.8279, 67.8279, 67.8279, 67.8279, 67.8279, 67.8279, 67.8279, 67.8279, 67.8279, 67.8279, 67.8285, 67.852, 67.8755, 67.9132, 67.9189, 67.9347, 67.9574, 68.0018, 68.0021, 68.0393, 68.0822]
12721-INFO-best_squad:
12721-INFO-[68.0822]
12721-INFO-iteration: 27, average: 68.0845
12721-INFO-[67.801, 67.8253, 67.8394, 67.8421, 67.8478, 67.8524, 67.8637, 67.9025, 67.9276, 67.9741, 67.9838, 67.9937, 68.0199, 68.02, 68.0251, 68.0297, 68.0754, 68.0822, 68.0822, 68.0822, 68.0822, 68.0822, 68.0822, 68.0822, 68.0822, 68.0822, 68.0822, 68.0822, 68.0822, 68.0822, 68.0822, 68.0822, 68.0822, 68.0822, 68.0822, 68.0822, 68.0822, 68.0822, 68.0822, 68.0822, 68.0822, 68.0822, 68.0839, 68.0975, 68.1056, 68.1271, 68.1547, 68.1839, 68.226, 68.2342, 68.2369, 68.2437, 68.2442, 68.2582, 68.2726, 68.3223, 68.3267, 68.3391, 68.3543, 68.381]
12721-INFO-best_squad:
12721-INFO-[68.381]
12721-INFO-iteration: 28, average: 68.3897
12721-INFO-[68.1012, 68.1126, 68.1316, 68.1583, 68.1639, 68.2044, 68.2288, 68.2508, 68.282, 68.2851, 68.3459, 68.3659, 68.381, 68.381, 68.381, 68.381, 68.381, 68.381, 68.381, 68.381, 68.381, 68.381, 68.381, 68.381, 68.381, 68.381, 68.381, 68.381, 68.381, 68.381, 68.381, 68.381, 68.381, 68.381, 68.381, 68.381, 68.381, 68.381, 68.381, 68.381, 68.381, 68.381, 68.381, 68.381, 68.381, 68.394, 68.4035, 68.4073, 68.4525, 68.4882, 68.5096, 68.544, 68.5721, 68.5902, 68.5923, 68.6107, 68.6243, 68.6456, 68.6704, 68.671]
12721-INFO-best_squad:
12721-INFO-[68.671]
12721-INFO-iteration: 29, average: 68.647
12721-INFO-[68.3782, 68.393, 68.4304, 68.4426, 68.4454, 68.4519, 68.4652, 68.4949, 68.4986, 68.526, 68.5316, 68.5364, 68.5761, 68.5989, 68.5995, 68.6093, 68.6226, 68.6467, 68.6522, 68.6565, 68.671, 68.671, 68.671, 68.671, 68.671, 68.671, 68.671, 68.671, 68.671, 68.671, 68.671, 68.671, 68.671, 68.671, 68.671, 68.671, 68.671, 68.671, 68.671, 68.671, 68.671, 68.671, 68.671, 68.671, 68.671, 68.671, 68.671, 68.671, 68.671, 68.6814, 68.6874, 68.7542, 68.7581, 68.7646, 68.8018, 68.8083, 68.8434, 68.8608, 68.9204, 68.9243]
12721-INFO-best_squad:
12721-INFO-[68.9243]
12721-INFO-iteration: 30, average: 68.9202
12721-INFO-[68.6379, 68.657, 68.683, 68.693, 68.7072, 68.7152, 68.721, 68.7338, 68.7476, 68.8138, 68.8161, 68.8334, 68.8485, 68.9165, 68.9243, 68.9243, 68.9243, 68.9243, 68.9243, 68.9243, 68.9243, 68.9243, 68.9243, 68.9243, 68.9243, 68.9243, 68.9243, 68.9243, 68.9243, 68.9243, 68.9243, 68.9243, 68.9243, 68.9243, 68.9243, 68.9243, 68.9243, 68.9243, 68.9243, 68.9243, 68.9243, 68.9243, 68.9243, 68.9243, 68.9243, 68.9243, 68.9243, 68.9243, 68.978, 69.0081, 69.035, 69.0643, 69.0753, 69.1063, 69.1186, 69.1482, 69.1531, 69.1824, 69.1826, 69.208]
12721-INFO-best_squad:
12721-INFO-[69.0081]
12721-INFO-iteration: 31, average: 69.0073
12721-INFO-[68.7357, 68.7526, 68.7597, 68.7652, 68.7737, 68.7938, 68.7975, 68.8288, 68.8625, 68.8898, 68.9253, 68.933, 68.9419, 68.9451, 68.9701, 69.0081, 69.0081, 69.0081, 69.0081, 69.0081, 69.0081, 69.0081, 69.0081, 69.0081, 69.0081, 69.0081, 69.0081, 69.0081, 69.0081, 69.0081, 69.0081, 69.0081, 69.0081, 69.0081, 69.0081, 69.0081, 69.0081, 69.0081, 69.0081, 69.0081, 69.0081, 69.0081, 69.0081, 69.0081, 69.039, 69.0508, 69.0806, 69.0869, 69.1273, 69.1384, 69.146, 69.1498, 69.1537, 69.1763, 69.1777, 69.1898, 69.1917, 69.2304, 69.2841, 69.3059]
12721-INFO-best_squad:
12721-INFO-[69.0081]
12721-INFO-iteration: 32, average: 68.9954
12721-INFO-[68.7642, 68.7752, 68.7903, 68.8115, 68.8175, 68.8269, 68.83, 68.8316, 68.8475, 68.8568, 68.9064, 68.9551, 68.9591, 68.9642, 68.9846, 68.9891, 68.9992, 69.0081, 69.0081, 69.0081, 69.0081, 69.0081, 69.0081, 69.0081, 69.0081, 69.0081, 69.0081, 69.0081, 69.0081, 69.0081, 69.0081, 69.0081, 69.0081, 69.0081, 69.0081, 69.0081, 69.0081, 69.0081, 69.0081, 69.0081, 69.0081, 69.0081, 69.0081, 69.0081, 69.0081, 69.0081, 69.0081, 69.0081, 69.0227, 69.03, 69.0341, 69.0414, 69.0911, 69.1062, 69.1379, 69.1861, 69.1863, 69.1901, 69.2565, 69.283]
12721-INFO-best_squad:
12721-INFO-[68.9992]
12721-INFO-iteration: 33, average: 68.9819
12721-INFO-[68.7024, 68.7116, 68.7441, 68.7479, 68.7562, 68.7691, 68.7747, 68.778, 68.7878, 68.7882, 68.7922, 68.8442, 68.871, 68.8839, 68.8864, 68.8931, 68.8992, 68.967, 68.9681, 68.9992, 68.9992, 68.9992, 68.9992, 68.9992, 68.9992, 68.9992, 68.9992, 68.9992, 68.9992, 68.9992, 68.9992, 68.9992, 68.9992, 68.9992, 68.9992, 68.9992, 68.9992, 68.9992, 68.9992, 68.9992, 68.9992, 68.9992, 68.9992, 69.0321, 69.0596, 69.0815, 69.0864, 69.0926, 69.0948, 69.0971, 69.1111, 69.1142, 69.1206, 69.14, 69.1686, 69.1698, 69.2163, 69.2189, 69.2803, 69.2857]
12721-INFO-best_squad:
12721-INFO-[68.9992]
12721-INFO-iteration: 34, average: 68.9832
12721-INFO-[68.7161, 68.7342, 68.7419, 68.7478, 68.7542, 68.82, 68.8333, 68.8404, 68.85, 68.8664, 68.8765, 68.8807, 68.8828, 68.8864, 68.9217, 68.9415, 68.9636, 68.9665, 68.9802, 68.9992, 68.9992, 68.9992, 68.9992, 68.9992, 68.9992, 68.9992, 68.9992, 68.9992, 68.9992, 68.9992, 68.9992, 68.9992, 68.9992, 68.9992, 68.9992, 68.9992, 68.9992, 68.9992, 68.9992, 68.9992, 68.9992, 68.9992, 68.9992, 68.9992, 68.9992, 68.9992, 68.9992, 68.9992, 69.0158, 69.0361, 69.0635, 69.1212, 69.1397, 69.1758, 69.1905, 69.1926, 69.2065, 69.2123, 69.2219, 69.238]
12721-INFO-best_squad:
12721-INFO-[68.9992]
12721-INFO-iteration: 35, average: 69.0081
12721-INFO-[68.7027, 68.7641, 68.8108, 68.82, 68.8462, 68.8831, 68.9116, 68.9228, 68.9328, 68.9836, 68.9992, 68.9992, 68.9992, 68.9992, 68.9992, 68.9992, 68.9992, 68.9992, 68.9992, 68.9992, 68.9992, 68.9992, 68.9992, 68.9992, 68.9992, 68.9992, 68.9992, 68.9992, 68.9992, 68.9992, 68.9992, 68.9992, 68.9992, 68.9992, 68.9992, 68.9992, 68.9992, 68.9992, 68.9992, 68.9992, 68.9992, 68.9992, 68.9992, 68.9992, 68.9992, 68.9992, 68.9992, 68.9993, 69.0423, 69.0773, 69.0889, 69.1075, 69.1273, 69.1651, 69.1799, 69.184, 69.2089, 69.2148, 69.2675, 69.2751]
12721-INFO-best_squad:
12721-INFO-[68.9993]
12721-INFO-iteration: 36, average: 68.9858
12721-INFO-[68.7101, 68.7592, 68.8024, 68.8067, 68.815, 68.8161, 68.8384, 68.8589, 68.8608, 68.8612, 68.8962, 68.9047, 68.9326, 68.9401, 68.947, 68.9736, 68.9749, 68.9941, 68.9993, 68.9993, 68.9993, 68.9993, 68.9993, 68.9993, 68.9993, 68.9993, 68.9993, 68.9993, 68.9993, 68.9993, 68.9993, 68.9993, 68.9993, 68.9993, 68.9993, 68.9993, 68.9993, 68.9993, 68.9993, 68.9993, 68.9993, 68.9993, 68.9993, 68.9993, 68.9993, 68.9993, 68.9993, 68.9993, 68.9993, 69.0269, 69.0288, 69.0312, 69.0618, 69.0624, 69.11, 69.1589, 69.2315, 69.2397, 69.2476, 69.2774]
12721-INFO-best_squad:
12721-INFO-[68.9993]
12721-INFO-iteration: 37, average: 69.0319
12721-INFO-[68.7083, 68.7301, 68.8084, 68.8233, 68.8601, 68.8786, 68.9158, 68.9272, 68.9484, 68.9502, 68.9691, 68.972, 68.988, 68.9993, 68.9993, 68.9993, 68.9993, 68.9993, 68.9993, 68.9993, 68.9993, 68.9993, 68.9993, 68.9993, 68.9993, 68.9993, 68.9993, 68.9993, 68.9993, 68.9993, 68.9993, 68.9993, 68.9993, 68.9993, 68.9993, 68.9993, 68.9993, 68.9993, 68.9993, 68.9993, 69.0162, 69.0508, 69.0548, 69.0596, 69.0654, 69.0789, 69.1181, 69.1292, 69.154, 69.1578, 69.2161, 69.2243, 69.226, 69.2375, 69.2458, 69.2726, 69.278, 69.2844, 69.2892, 69.2934]
12721-INFO-best_squad:
12721-INFO-[68.9993]
12721-INFO-iteration: 38, average: 68.9827
12721-INFO-[68.7013, 68.7406, 68.7435, 68.7713, 68.7883, 68.7972, 68.8264, 68.8442, 68.8457, 68.8664, 68.8749, 68.896, 68.918, 68.9199, 68.9356, 68.9468, 68.9947, 68.9993, 68.9993, 68.9993, 68.9993, 68.9993, 68.9993, 68.9993, 68.9993, 68.9993, 68.9993, 68.9993, 68.9993, 68.9993, 68.9993, 68.9993, 68.9993, 68.9993, 68.9993, 68.9993, 68.9993, 68.9993, 68.9993, 68.9993, 68.9993, 68.9993, 68.9993, 68.9993, 68.9993, 69.0153, 69.0237, 69.0259, 69.0307, 69.0328, 69.0518, 69.0575, 69.0974, 69.1113, 69.1267, 69.1388, 69.1834, 69.2069, 69.2274, 69.2408]
12721-INFO-best_squad:
12721-INFO-[68.9993]
12721-INFO-iteration: 39, average: 69.012
12721-INFO-[68.7311, 68.819, 68.8205, 68.8701, 68.9076, 68.9178, 68.9315, 68.9397, 68.9415, 68.9492, 68.9576, 68.9711, 68.9727, 68.975, 68.9993, 68.9993, 68.9993, 68.9993, 68.9993, 68.9993, 68.9993, 68.9993, 68.9993, 68.9993, 68.9993, 68.9993, 68.9993, 68.9993, 68.9993, 68.9993, 68.9993, 68.9993, 68.9993, 68.9993, 68.9993, 68.9993, 68.9993, 68.9993, 68.9993, 68.9993, 68.9993, 68.9993, 68.9993, 68.9993, 68.9993, 68.9993, 68.9993, 69.0043, 69.0079, 69.0608, 69.0933, 69.1071, 69.1118, 69.1615, 69.2081, 69.2122, 69.2414, 69.2567, 69.2838, 69.2914]
12721-INFO-best_squad:
12721-INFO-[68.9993]
12721-INFO-iteration: 40, average: 68.9732
12721-INFO-[68.7131, 68.7224, 68.7291, 68.7543, 68.7653, 68.805, 68.805, 68.819, 68.8231, 68.8836, 68.8879, 68.9047, 68.9062, 68.9085, 68.9112, 68.9121, 68.9147, 68.9526, 68.9632, 68.9778, 68.9905, 68.9993, 68.9993, 68.9993, 68.9993, 68.9993, 68.9993, 68.9993, 68.9993, 68.9993, 68.9993, 68.9993, 68.9993, 68.9993, 68.9993, 68.9993, 68.9993, 68.9993, 68.9993, 68.9993, 68.9993, 68.9993, 68.9993, 68.9993, 68.9993, 68.9993, 68.9993, 68.9993, 69.0069, 69.0596, 69.0711, 69.0768, 69.0873, 69.0888, 69.1319, 69.1423, 69.1509, 69.1598, 69.1763, 69.2106]
12721-INFO-best_squad:
12721-INFO-[68.9993]
12721-INFO-iteration: 41, average: 69.0272
12721-INFO-[68.7476, 68.7581, 68.7771, 68.8257, 68.8839, 68.8865, 68.9279, 68.9629, 68.9794, 68.987, 68.9993, 68.9993, 68.9993, 68.9993, 68.9993, 68.9993, 68.9993, 68.9993, 68.9993, 68.9993, 68.9993, 68.9993, 68.9993, 68.9993, 68.9993, 68.9993, 68.9993, 68.9993, 68.9993, 68.9993, 68.9993, 68.9993, 68.9993, 68.9993, 68.9993, 68.9993, 68.9993, 68.9993, 68.9993, 68.9993, 68.9993, 68.9993, 68.9993, 68.9993, 68.9993, 69.0267, 69.0637, 69.0708, 69.0897, 69.0924, 69.1955, 69.206, 69.23, 69.2576, 69.2611, 69.2721, 69.2829, 69.2846, 69.2893, 69.297]
12721-INFO-best_squad:
12721-INFO-[68.9993]
12721-INFO-iteration: 42, average: 68.9983
12721-INFO-[68.703, 68.7147, 68.733, 68.7414, 68.7416, 68.77, 68.8047, 68.811, 68.8136, 68.8175, 68.8243, 68.8617, 68.8706, 68.8779, 68.9963, 68.9993, 68.9993, 68.9993, 68.9993, 68.9993, 68.9993, 68.9993, 68.9993, 68.9993, 68.9993, 68.9993, 68.9993, 68.9993, 68.9993, 68.9993, 68.9993, 68.9993, 68.9993, 68.9993, 68.9993, 68.9993, 68.9993, 68.9993, 68.9993, 68.9993, 68.9993, 68.9993, 69.0022, 69.0301, 69.0398, 69.0761, 69.0847, 69.1118, 69.114, 69.1209, 69.1536, 69.1832, 69.1874, 69.2044, 69.2231, 69.2311, 69.254, 69.2608, 69.264, 69.2958]
12721-INFO-best_squad:
12721-INFO-[68.9993]
12721-INFO-iteration: 43, average: 69.0091
12721-INFO-[68.7781, 68.796, 68.8062, 68.8142, 68.8349, 68.837, 68.9089, 68.9229, 68.9315, 68.9489, 68.9663, 68.9766, 68.9993, 68.9993, 68.9993, 68.9993, 68.9993, 68.9993, 68.9993, 68.9993, 68.9993, 68.9993, 68.9993, 68.9993, 68.9993, 68.9993, 68.9993, 68.9993, 68.9993, 68.9993, 68.9993, 68.9993, 68.9993, 68.9993, 68.9993, 68.9993, 68.9993, 68.9993, 68.9993, 68.9993, 68.9993, 68.9993, 68.9993, 68.9993, 68.9993, 68.9993, 68.9993, 69.0103, 69.0511, 69.0752, 69.0757, 69.1173, 69.1175, 69.1528, 69.1957, 69.2053, 69.2445, 69.2483, 69.2667, 69.2863]
12721-INFO-best_squad:
12721-INFO-[68.9993]
12721-INFO-iteration: 44, average: 69.0071
12721-INFO-[68.7141, 68.7165, 68.7749, 68.7975, 68.8062, 68.8143, 68.8357, 68.8801, 68.8879, 68.9101, 68.9185, 68.9517, 68.9702, 68.9838, 68.9945, 68.9993, 68.9993, 68.9993, 68.9993, 68.9993, 68.9993, 68.9993, 68.9993, 68.9993, 68.9993, 68.9993, 68.9993, 68.9993, 68.9993, 68.9993, 68.9993, 68.9993, 68.9993, 68.9993, 68.9993, 68.9993, 68.9993, 68.9993, 68.9993, 68.9993, 68.9993, 68.9993, 69.0051, 69.0071, 69.0148, 69.0506, 69.0827, 69.093, 69.1024, 69.1051, 69.124, 69.1248, 69.1522, 69.1739, 69.197, 69.2003, 69.2237, 69.2575, 69.2794, 69.2982]
12721-INFO-best_squad:
12721-INFO-[68.9993]
12721-INFO-iteration: 45, average: 69.0124
12721-INFO-[68.7034, 68.7208, 68.7293, 68.7415, 68.8041, 68.8276, 68.8294, 68.8395, 68.8518, 68.8642, 68.8958, 68.9159, 68.9685, 68.9726, 68.9993, 68.9993, 68.9993, 68.9993, 68.9993, 68.9993, 68.9993, 68.9993, 68.9993, 68.9993, 68.9993, 68.9993, 68.9993, 68.9993, 68.9993, 68.9993, 68.9993, 68.9993, 68.9993, 68.9993, 68.9993, 68.9993, 68.9993, 68.9993, 68.9993, 69.0027, 69.0337, 69.0368, 69.0376, 69.07, 69.0847, 69.0848, 69.0949, 69.1045, 69.1131, 69.1489, 69.1553, 69.1707, 69.2083, 69.2152, 69.2211, 69.2219, 69.2585, 69.2671, 69.2694, 69.2953]
12721-INFO-best_squad:
12721-INFO-[68.9993]
12721-INFO-iteration: 46, average: 68.9876
12721-INFO-[68.7307, 68.736, 68.8108, 68.822, 68.8232, 68.8594, 68.8634, 68.8686, 68.8754, 68.8881, 68.8947, 68.9516, 68.9564, 68.9694, 68.9906, 68.9962, 68.9993, 68.9993, 68.9993, 68.9993, 68.9993, 68.9993, 68.9993, 68.9993, 68.9993, 68.9993, 68.9993, 68.9993, 68.9993, 68.9993, 68.9993, 68.9993, 68.9993, 68.9993, 68.9993, 68.9993, 68.9993, 68.9993, 68.9993, 68.9993, 68.9993, 68.9993, 68.9993, 68.9993, 68.9993, 68.9993, 68.9993, 69.0053, 69.0199, 69.026, 69.0284, 69.0531, 69.0541, 69.0917, 69.1135, 69.1182, 69.1504, 69.1638, 69.1885, 69.2303]
12721-INFO-best_squad:
12721-INFO-[68.9993]
12721-INFO-iteration: 47, average: 68.9606
12721-INFO-[68.7191, 68.723, 68.7307, 68.7502, 68.7595, 68.7674, 68.7696, 68.791, 68.8083, 68.8136, 68.816, 68.816, 68.8285, 68.8538, 68.8707, 68.8752, 68.8989, 68.9035, 68.9071, 68.9157, 68.9163, 68.9905, 68.9945, 68.9993, 68.9993, 68.9993, 68.9993, 68.9993, 68.9993, 68.9993, 68.9993, 68.9993, 68.9993, 68.9993, 68.9993, 68.9993, 68.9993, 68.9993, 68.9993, 68.9993, 68.9993, 68.9993, 68.9993, 68.9993, 68.9993, 68.9993, 68.9993, 68.9993, 68.9993, 68.9999, 69.0101, 69.0328, 69.0693, 69.1229, 69.1471, 69.1568, 69.1802, 69.1963, 69.2351, 69.2852]
12721-INFO-best_squad:
12721-INFO-[68.9999]
12721-INFO-iteration: 48, average: 69.0046
12721-INFO-[68.7104, 68.7328, 68.7387, 68.7769, 68.7998, 68.8273, 68.8558, 68.9001, 68.9254, 68.943, 68.9693, 68.9999, 68.9999, 68.9999, 68.9999, 68.9999, 68.9999, 68.9999, 68.9999, 68.9999, 68.9999, 68.9999, 68.9999, 68.9999, 68.9999, 68.9999, 68.9999, 68.9999, 68.9999, 68.9999, 68.9999, 68.9999, 68.9999, 68.9999, 68.9999, 68.9999, 68.9999, 68.9999, 68.9999, 68.9999, 68.9999, 68.9999, 68.9999, 68.9999, 68.9999, 68.9999, 69.026, 69.0353, 69.0494, 69.0813, 69.1138, 69.1167, 69.1287, 69.1377, 69.1952, 69.1977, 69.2266, 69.2612, 69.2621, 69.2698]
12721-INFO-best_squad:
12721-INFO-[68.9999]
12721-INFO-iteration: 49, average: 68.9937
12721-INFO-[68.7028, 68.7185, 68.7478, 68.7618, 68.7686, 68.7731, 68.7747, 68.7853, 68.7956, 68.8019, 68.8361, 68.8548, 68.8784, 68.9078, 68.9132, 68.9375, 68.9398, 68.951, 68.9571, 68.9589, 68.9999, 68.9999, 68.9999, 68.9999, 68.9999, 68.9999, 68.9999, 68.9999, 68.9999, 68.9999, 68.9999, 68.9999, 68.9999, 68.9999, 68.9999, 68.9999, 68.9999, 68.9999, 68.9999, 68.9999, 68.9999, 69.0041, 69.0097, 69.021, 69.065, 69.1116, 69.116, 69.1184, 69.1241, 69.1411, 69.1525, 69.1553, 69.162, 69.1717, 69.1798, 69.2055, 69.2527, 69.2874, 69.2884, 69.2957]
12721-INFO-best_squad:
12721-INFO-[68.9999]
12721-INFO-iteration: 50, average: 68.9771
12721-INFO-[68.7076, 68.7137, 68.7165, 68.744, 68.7455, 68.7598, 68.775, 68.7762, 68.8077, 68.8289, 68.8359, 68.8378, 68.8698, 68.8735, 68.937, 68.9389, 68.9807, 68.9812, 68.9999, 68.9999, 68.9999, 68.9999, 68.9999, 68.9999, 68.9999, 68.9999, 68.9999, 68.9999, 68.9999, 68.9999, 68.9999, 68.9999, 68.9999, 68.9999, 68.9999, 68.9999, 68.9999, 68.9999, 68.9999, 68.9999, 68.9999, 68.9999, 68.9999, 68.9999, 68.9999, 68.9999, 68.9999, 69.0168, 69.0627, 69.0706, 69.0809, 69.096, 69.125, 69.1503, 69.1684, 69.1699, 69.1717, 69.2118, 69.2332, 69.2417]
12721-INFO-best_squad:
12721-INFO-[68.9999]
